  Performing Custom Build Tools
  main.c
C:\Users\kaitl\Downloads\lbyarch\mp\main.c(74,16): warning C4477: 'printf' : format string '%ld' requires an argument of type 'long', but variadic argument 2 has type '__int64'
  C:\Users\kaitl\Downloads\lbyarch\mp\main.c(74,16):
  consider using '%lld' in the format string
  C:\Users\kaitl\Downloads\lbyarch\mp\main.c(74,16):
  consider using '%Id' in the format string
  C:\Users\kaitl\Downloads\lbyarch\mp\main.c(74,16):
  consider using '%I64d' in the format string
  
C:\Users\kaitl\Downloads\lbyarch\mp\main.c(74,16): warning C4477: 'printf' : format string '%09ld' requires an argument of type 'long', but variadic argument 3 has type '__int64'
  C:\Users\kaitl\Downloads\lbyarch\mp\main.c(74,16):
  consider using '%lld' in the format string
  C:\Users\kaitl\Downloads\lbyarch\mp\main.c(74,16):
  consider using '%Id' in the format string
  C:\Users\kaitl\Downloads\lbyarch\mp\main.c(74,16):
  consider using '%I64d' in the format string
  
C:\Users\kaitl\Downloads\lbyarch\mp\main.c(81,16): warning C4477: 'printf' : format string '%ld' requires an argument of type 'long', but variadic argument 2 has type '__int64'
  C:\Users\kaitl\Downloads\lbyarch\mp\main.c(81,16):
  consider using '%lld' in the format string
  C:\Users\kaitl\Downloads\lbyarch\mp\main.c(81,16):
  consider using '%Id' in the format string
  C:\Users\kaitl\Downloads\lbyarch\mp\main.c(81,16):
  consider using '%I64d' in the format string
  
C:\Users\kaitl\Downloads\lbyarch\mp\main.c(81,16): warning C4477: 'printf' : format string '%09ld' requires an argument of type 'long', but variadic argument 3 has type '__int64'
  C:\Users\kaitl\Downloads\lbyarch\mp\main.c(81,16):
  consider using '%lld' in the format string
  C:\Users\kaitl\Downloads\lbyarch\mp\main.c(81,16):
  consider using '%Id' in the format string
  C:\Users\kaitl\Downloads\lbyarch\mp\main.c(81,16):
  consider using '%I64d' in the format string
  
  Generating code
  2 of 7 functions (28.6%) were compiled, the rest were copied from previous compilation.
    0 functions were new in current compilation
    0 functions had inline decision re-evaluated but remain unchanged
  Finished generating code
  mp.vcxproj -> C:\Users\kaitl\Downloads\lbyarch\mp\x64\Release\mp.exe
